<?xml version="1.0" encoding="UTF-8"?>
<!-- Generated by org.testng.reporters.JUnitReportReporter -->
<testsuite hostname="WahidHPZ220" failures="0" tests="1" name="championIT.testRunner.TestNgRunner$TestRunner" time="23.755" errors="0" timestamp="2022-05-17T18:43:18 PDT" skipped="0">
  <testcase classname="championIT.testRunner.TestNgRunner$TestRunner" name="runScenario" time="23.755"/>
  <system-out/>
</testsuite> <!-- championIT.testRunner.TestNgRunner$TestRunner -->
